[0628/235355:ERROR:file_io_win.cc(163)] CreateFile C:\Users\gfung\AppData\Local\Google\Chrome\User Data\Crashpad\settings.dat: Access is denied. (0x5)
[0628/235355:ERROR:registration_protocol_win.cc(82)] TransactNamedPipe: The pipe has been ended. (0x6D)
[0628/235355:ERROR:file_io_win.cc(163)] CreateFile C:\Users\gfung\AppData\Local\Google\Chrome\User Data\Crashpad\settings.dat: Access is denied. (0x5)
[0628/235452:ERROR:file_io_win.cc(163)] CreateFile C:\Users\gfung\AppData\Local\Google\Chrome\User Data\Crashpad\settings.dat: Access is denied. (0x5)
[0628/235452:ERROR:registration_protocol_win.cc(82)] TransactNamedPipe: The pipe has been ended. (0x6D)
[0628/235452:ERROR:file_io_win.cc(163)] CreateFile C:\Users\gfung\AppData\Local\Google\Chrome\User Data\Crashpad\settings.dat: Access is denied. (0x5)
[0628/235525:ERROR:file_io_win.cc(163)] CreateFile C:\Users\gfung\AppData\Local\Google\Chrome\User Data\Crashpad\settings.dat: Access is denied. (0x5)
[0628/235525:ERROR:registration_protocol_win.cc(82)] TransactNamedPipe: The pipe has been ended. (0x6D)
[0628/235525:ERROR:file_io_win.cc(163)] CreateFile C:\Users\gfung\AppData\Local\Google\Chrome\User Data\Crashpad\settings.dat: Access is denied. (0x5)
[0628/235550:ERROR:file_io_win.cc(163)] CreateFile C:\Users\gfung\AppData\Local\Google\Chrome\User Data\Crashpad\settings.dat: Access is denied. (0x5)
[0628/235550:ERROR:registration_protocol_win.cc(82)] TransactNamedPipe: The pipe has been ended. (0x6D)
[0628/235550:ERROR:file_io_win.cc(163)] CreateFile C:\Users\gfung\AppData\Local\Google\Chrome\User Data\Crashpad\settings.dat: Access is denied. (0x5)
[0628/235622:ERROR:file_io_win.cc(163)] CreateFile C:\Users\gfung\AppData\Local\Google\Chrome\User Data\Crashpad\settings.dat: Access is denied. (0x5)
[0628/235622:ERROR:registration_protocol_win.cc(82)] TransactNamedPipe: The pipe has been ended. (0x6D)
[0628/235622:ERROR:file_io_win.cc(163)] CreateFile C:\Users\gfung\AppData\Local\Google\Chrome\User Data\Crashpad\settings.dat: Access is denied. (0x5)
[0628/235647:ERROR:file_io_win.cc(163)] CreateFile C:\Users\gfung\AppData\Local\Google\Chrome\User Data\Crashpad\settings.dat: Access is denied. (0x5)
[0628/235647:ERROR:registration_protocol_win.cc(82)] TransactNamedPipe: The pipe has been ended. (0x6D)
[0628/235647:ERROR:file_io_win.cc(163)] CreateFile C:\Users\gfung\AppData\Local\Google\Chrome\User Data\Crashpad\settings.dat: Access is denied. (0x5)
[0629/214526:ERROR:file_io_win.cc(163)] CreateFile C:\Users\gfung\AppData\Local\Google\Chrome\User Data\Crashpad\settings.dat: Access is denied. (0x5)
[0629/214526:ERROR:registration_protocol_win.cc(82)] TransactNamedPipe: The pipe has been ended. (0x6D)
[0629/214526:ERROR:file_io_win.cc(163)] CreateFile C:\Users\gfung\AppData\Local\Google\Chrome\User Data\Crashpad\settings.dat: Access is denied. (0x5)
[0629/214600:ERROR:file_io_win.cc(163)] CreateFile C:\Users\gfung\AppData\Local\Google\Chrome\User Data\Crashpad\settings.dat: Access is denied. (0x5)
[0629/214600:ERROR:registration_protocol_win.cc(82)] TransactNamedPipe: The pipe has been ended. (0x6D)
[0629/214600:ERROR:file_io_win.cc(163)] CreateFile C:\Users\gfung\AppData\Local\Google\Chrome\User Data\Crashpad\settings.dat: Access is denied. (0x5)
[0629/215015:ERROR:file_io_win.cc(163)] CreateFile C:\Users\gfung\AppData\Local\Google\Chrome\User Data\Crashpad\settings.dat: Access is denied. (0x5)
[0629/215015:ERROR:registration_protocol_win.cc(82)] TransactNamedPipe: The pipe has been ended. (0x6D)
[0629/215015:ERROR:file_io_win.cc(163)] CreateFile C:\Users\gfung\AppData\Local\Google\Chrome\User Data\Crashpad\settings.dat: Access is denied. (0x5)
[0629/215050:ERROR:file_io_win.cc(163)] CreateFile C:\Users\gfung\AppData\Local\Google\Chrome\User Data\Crashpad\settings.dat: Access is denied. (0x5)
[0629/215050:ERROR:registration_protocol_win.cc(82)] TransactNamedPipe: The pipe has been ended. (0x6D)
[0629/215050:ERROR:file_io_win.cc(163)] CreateFile C:\Users\gfung\AppData\Local\Google\Chrome\User Data\Crashpad\settings.dat: Access is denied. (0x5)
[0629/234020:ERROR:file_io_win.cc(163)] CreateFile C:\Users\gfung\AppData\Local\Google\Chrome\User Data\Crashpad\settings.dat: Access is denied. (0x5)
[0629/234020:ERROR:registration_protocol_win.cc(82)] TransactNamedPipe: The pipe has been ended. (0x6D)
[0629/234020:ERROR:file_io_win.cc(163)] CreateFile C:\Users\gfung\AppData\Local\Google\Chrome\User Data\Crashpad\settings.dat: Access is denied. (0x5)
[0629/234104:ERROR:file_io_win.cc(163)] CreateFile C:\Users\gfung\AppData\Local\Google\Chrome\User Data\Crashpad\settings.dat: Access is denied. (0x5)
[0629/234104:ERROR:registration_protocol_win.cc(82)] TransactNamedPipe: The pipe has been ended. (0x6D)
[0629/234104:ERROR:file_io_win.cc(163)] CreateFile C:\Users\gfung\AppData\Local\Google\Chrome\User Data\Crashpad\settings.dat: Access is denied. (0x5)
[0629/234709:ERROR:file_io_win.cc(163)] CreateFile C:\Users\gfung\AppData\Local\Google\Chrome\User Data\Crashpad\settings.dat: Access is denied. (0x5)
[0629/234709:ERROR:registration_protocol_win.cc(82)] TransactNamedPipe: The pipe has been ended. (0x6D)
[0629/234709:ERROR:file_io_win.cc(163)] CreateFile C:\Users\gfung\AppData\Local\Google\Chrome\User Data\Crashpad\settings.dat: Access is denied. (0x5)
[0629/234743:ERROR:file_io_win.cc(163)] CreateFile C:\Users\gfung\AppData\Local\Google\Chrome\User Data\Crashpad\settings.dat: Access is denied. (0x5)
[0629/234743:ERROR:registration_protocol_win.cc(82)] TransactNamedPipe: The pipe has been ended. (0x6D)
[0629/234743:ERROR:file_io_win.cc(163)] CreateFile C:\Users\gfung\AppData\Local\Google\Chrome\User Data\Crashpad\settings.dat: Access is denied. (0x5)
[0629/235202:ERROR:file_io_win.cc(163)] CreateFile C:\Users\gfung\AppData\Local\Google\Chrome\User Data\Crashpad\settings.dat: Access is denied. (0x5)
[0629/235202:ERROR:registration_protocol_win.cc(82)] TransactNamedPipe: The pipe has been ended. (0x6D)
[0629/235202:ERROR:file_io_win.cc(163)] CreateFile C:\Users\gfung\AppData\Local\Google\Chrome\User Data\Crashpad\settings.dat: Access is denied. (0x5)
[0629/235234:ERROR:file_io_win.cc(163)] CreateFile C:\Users\gfung\AppData\Local\Google\Chrome\User Data\Crashpad\settings.dat: Access is denied. (0x5)
[0629/235234:ERROR:registration_protocol_win.cc(82)] TransactNamedPipe: The pipe has been ended. (0x6D)
[0629/235234:ERROR:file_io_win.cc(163)] CreateFile C:\Users\gfung\AppData\Local\Google\Chrome\User Data\Crashpad\settings.dat: Access is denied. (0x5)
[0629/235438:ERROR:file_io_win.cc(163)] CreateFile C:\Users\gfung\AppData\Local\Google\Chrome\User Data\Crashpad\settings.dat: Access is denied. (0x5)
[0629/235438:ERROR:registration_protocol_win.cc(82)] TransactNamedPipe: The pipe has been ended. (0x6D)
[0629/235438:ERROR:file_io_win.cc(163)] CreateFile C:\Users\gfung\AppData\Local\Google\Chrome\User Data\Crashpad\settings.dat: Access is denied. (0x5)
[0629/235509:ERROR:file_io_win.cc(163)] CreateFile C:\Users\gfung\AppData\Local\Google\Chrome\User Data\Crashpad\settings.dat: Access is denied. (0x5)
[0629/235509:ERROR:registration_protocol_win.cc(82)] TransactNamedPipe: The pipe has been ended. (0x6D)
[0629/235509:ERROR:file_io_win.cc(163)] CreateFile C:\Users\gfung\AppData\Local\Google\Chrome\User Data\Crashpad\settings.dat: Access is denied. (0x5)
[0630/000337:ERROR:file_io_win.cc(163)] CreateFile C:\Users\gfung\AppData\Local\Google\Chrome\User Data\Crashpad\settings.dat: Access is denied. (0x5)
[0630/000337:ERROR:registration_protocol_win.cc(82)] TransactNamedPipe: The pipe has been ended. (0x6D)
[0630/000337:ERROR:file_io_win.cc(163)] CreateFile C:\Users\gfung\AppData\Local\Google\Chrome\User Data\Crashpad\settings.dat: Access is denied. (0x5)
[0630/000409:ERROR:file_io_win.cc(163)] CreateFile C:\Users\gfung\AppData\Local\Google\Chrome\User Data\Crashpad\settings.dat: Access is denied. (0x5)
[0630/000409:ERROR:registration_protocol_win.cc(82)] TransactNamedPipe: The pipe has been ended. (0x6D)
[0630/000409:ERROR:file_io_win.cc(163)] CreateFile C:\Users\gfung\AppData\Local\Google\Chrome\User Data\Crashpad\settings.dat: Access is denied. (0x5)
[0630/001142:ERROR:file_io_win.cc(163)] CreateFile C:\Users\gfung\AppData\Local\Google\Chrome\User Data\Crashpad\settings.dat: Access is denied. (0x5)
[0630/001142:ERROR:registration_protocol_win.cc(82)] TransactNamedPipe: The pipe has been ended. (0x6D)
[0630/001142:ERROR:file_io_win.cc(163)] CreateFile C:\Users\gfung\AppData\Local\Google\Chrome\User Data\Crashpad\settings.dat: Access is denied. (0x5)
[0630/001215:ERROR:file_io_win.cc(163)] CreateFile C:\Users\gfung\AppData\Local\Google\Chrome\User Data\Crashpad\settings.dat: Access is denied. (0x5)
[0630/001215:ERROR:registration_protocol_win.cc(82)] TransactNamedPipe: The pipe has been ended. (0x6D)
[0630/001215:ERROR:file_io_win.cc(163)] CreateFile C:\Users\gfung\AppData\Local\Google\Chrome\User Data\Crashpad\settings.dat: Access is denied. (0x5)
[0630/001250:ERROR:file_io_win.cc(163)] CreateFile C:\Users\gfung\AppData\Local\Google\Chrome\User Data\Crashpad\settings.dat: Access is denied. (0x5)
[0630/001250:ERROR:registration_protocol_win.cc(82)] TransactNamedPipe: The pipe has been ended. (0x6D)
[0630/001250:ERROR:file_io_win.cc(163)] CreateFile C:\Users\gfung\AppData\Local\Google\Chrome\User Data\Crashpad\settings.dat: Access is denied. (0x5)
[0630/001754:ERROR:file_io_win.cc(163)] CreateFile C:\Users\gfung\AppData\Local\Google\Chrome\User Data\Crashpad\settings.dat: Access is denied. (0x5)
[0630/001754:ERROR:registration_protocol_win.cc(82)] TransactNamedPipe: The pipe has been ended. (0x6D)
[0630/001754:ERROR:file_io_win.cc(163)] CreateFile C:\Users\gfung\AppData\Local\Google\Chrome\User Data\Crashpad\settings.dat: Access is denied. (0x5)
[0630/101145:ERROR:file_io_win.cc(163)] CreateFile C:\Users\gfung\AppData\Local\Google\Chrome\User Data\Crashpad\settings.dat: Access is denied. (0x5)
[0630/101145:ERROR:registration_protocol_win.cc(82)] TransactNamedPipe: The pipe has been ended. (0x6D)
[0630/101145:ERROR:file_io_win.cc(163)] CreateFile C:\Users\gfung\AppData\Local\Google\Chrome\User Data\Crashpad\settings.dat: Access is denied. (0x5)
[0630/101247:ERROR:file_io_win.cc(163)] CreateFile C:\Users\gfung\AppData\Local\Google\Chrome\User Data\Crashpad\settings.dat: Access is denied. (0x5)
[0630/101247:ERROR:registration_protocol_win.cc(82)] TransactNamedPipe: The pipe has been ended. (0x6D)
[0630/101247:ERROR:file_io_win.cc(163)] CreateFile C:\Users\gfung\AppData\Local\Google\Chrome\User Data\Crashpad\settings.dat: Access is denied. (0x5)
[0714/162617:ERROR:file_io_win.cc(163)] CreateFile C:\Users\gfung\AppData\Local\Google\Chrome\User Data\Crashpad\settings.dat: Access is denied. (0x5)
[0714/162617:ERROR:registration_protocol_win.cc(82)] TransactNamedPipe: The pipe has been ended. (0x6D)
[0714/162617:ERROR:file_io_win.cc(163)] CreateFile C:\Users\gfung\AppData\Local\Google\Chrome\User Data\Crashpad\settings.dat: Access is denied. (0x5)
[0714/163103:ERROR:file_io_win.cc(163)] CreateFile C:\Users\gfung\AppData\Local\Google\Chrome\User Data\Crashpad\settings.dat: Access is denied. (0x5)
[0714/163103:ERROR:registration_protocol_win.cc(82)] TransactNamedPipe: The pipe has been ended. (0x6D)
[0714/163103:ERROR:file_io_win.cc(163)] CreateFile C:\Users\gfung\AppData\Local\Google\Chrome\User Data\Crashpad\settings.dat: Access is denied. (0x5)
[0714/163340:ERROR:file_io_win.cc(163)] CreateFile C:\Users\gfung\AppData\Local\Google\Chrome\User Data\Crashpad\settings.dat: Access is denied. (0x5)
[0714/163340:ERROR:registration_protocol_win.cc(82)] TransactNamedPipe: The pipe has been ended. (0x6D)
[0714/163340:ERROR:file_io_win.cc(163)] CreateFile C:\Users\gfung\AppData\Local\Google\Chrome\User Data\Crashpad\settings.dat: Access is denied. (0x5)
[0714/220229:ERROR:file_io_win.cc(163)] CreateFile C:\Users\gfung\AppData\Local\Google\Chrome\User Data\Crashpad\settings.dat: Access is denied. (0x5)
[0714/220229:ERROR:registration_protocol_win.cc(82)] TransactNamedPipe: The pipe has been ended. (0x6D)
[0714/220229:ERROR:file_io_win.cc(163)] CreateFile C:\Users\gfung\AppData\Local\Google\Chrome\User Data\Crashpad\settings.dat: Access is denied. (0x5)
[0714/220509:ERROR:file_io_win.cc(163)] CreateFile C:\Users\gfung\AppData\Local\Google\Chrome\User Data\Crashpad\settings.dat: Access is denied. (0x5)
[0714/220509:ERROR:registration_protocol_win.cc(82)] TransactNamedPipe: The pipe has been ended. (0x6D)
[0714/220509:ERROR:file_io_win.cc(163)] CreateFile C:\Users\gfung\AppData\Local\Google\Chrome\User Data\Crashpad\settings.dat: Access is denied. (0x5)
[0714/220640:ERROR:file_io_win.cc(163)] CreateFile C:\Users\gfung\AppData\Local\Google\Chrome\User Data\Crashpad\settings.dat: Access is denied. (0x5)
[0714/220640:ERROR:registration_protocol_win.cc(82)] TransactNamedPipe: The pipe has been ended. (0x6D)
[0714/220640:ERROR:file_io_win.cc(163)] CreateFile C:\Users\gfung\AppData\Local\Google\Chrome\User Data\Crashpad\settings.dat: Access is denied. (0x5)
[0714/220940:ERROR:file_io_win.cc(163)] CreateFile C:\Users\gfung\AppData\Local\Google\Chrome\User Data\Crashpad\settings.dat: Access is denied. (0x5)
[0714/220940:ERROR:registration_protocol_win.cc(82)] TransactNamedPipe: The pipe has been ended. (0x6D)
[0714/220940:ERROR:file_io_win.cc(163)] CreateFile C:\Users\gfung\AppData\Local\Google\Chrome\User Data\Crashpad\settings.dat: Access is denied. (0x5)
[0715/001413:ERROR:file_io_win.cc(163)] CreateFile C:\Users\gfung\AppData\Local\Google\Chrome\User Data\Crashpad\settings.dat: Access is denied. (0x5)
[0715/001413:ERROR:registration_protocol_win.cc(82)] TransactNamedPipe: The pipe has been ended. (0x6D)
[0715/001413:ERROR:file_io_win.cc(163)] CreateFile C:\Users\gfung\AppData\Local\Google\Chrome\User Data\Crashpad\settings.dat: Access is denied. (0x5)
[0715/002432:ERROR:file_io_win.cc(163)] CreateFile C:\Users\gfung\AppData\Local\Google\Chrome\User Data\Crashpad\settings.dat: Access is denied. (0x5)
[0715/002432:ERROR:registration_protocol_win.cc(82)] TransactNamedPipe: The pipe has been ended. (0x6D)
[0715/002432:ERROR:file_io_win.cc(163)] CreateFile C:\Users\gfung\AppData\Local\Google\Chrome\User Data\Crashpad\settings.dat: Access is denied. (0x5)
[0817/120308:ERROR:process_info.cc(608)] range at 0xfdc425c200000000, size 0x81 fully unreadable
[0817/120308:ERROR:process_info.cc(608)] range at 0xfdc4262800000000, size 0x81 fully unreadable
[0817/120308:ERROR:process_info.cc(608)] range at 0x0, size 0x81 fully unreadable
[0820/181920:ERROR:process_info.cc(608)] range at 0x5bc221ca00000000, size 0x62 fully unreadable
[0820/181920:ERROR:process_info.cc(608)] range at 0x5bc221ea00000000, size 0x62 fully unreadable
[0820/181920:ERROR:process_info.cc(608)] range at 0x0, size 0x62 fully unreadable
[0820/181921:ERROR:process_reader_win.cc(114)] NtOpenThread: {Access Denied} A process has requested access to an object, but has not been granted those access rights.  (0xc0000022)
[0820/181921:ERROR:exception_snapshot_win.cc(88)] thread ID 5440 not found in process
[0820/181921:WARNING:crash_report_exception_handler.cc(60)] ProcessSnapshotWin::InitializeException failed
